2019-11-17 22:37:57.466 [ERROR] org.thymeleaf.TemplateEngine.process - [THYMELEAF][http-nio-8080-exec-9] Exception processing template "transfer/trigger": Error resolving template "transfer/trigger", template might not exist or might not be accessible by any of the configured Template Resolvers
2019-11-17 22:41:22.032 [ERROR] org.thymeleaf.TemplateEngine.process - [THYMELEAF][http-nio-8080-exec-9] Exception processing template "transfer/trigger": Error resolving template "transfer/trigger", template might not exist or might not be accessible by any of the configured Template Resolvers
2019-11-17 22:41:31.011 [ERROR] org.thymeleaf.TemplateEngine.process - [THYMELEAF][http-nio-8080-exec-6] Exception processing template "transfer/shutdown": Error resolving template "transfer/shutdown", template might not exist or might not be accessible by any of the configured Template Resolvers
2019-11-18 14:52:34.128 [ERROR] org.springframework.boot.diagnostics.LoggingFailureAnalysisReporter.report - 

***************************
APPLICATION FAILED TO START
***************************

Description:

Parameter 0 of method scheduler in com.hendisantika.onlinebanking.config.QrtzScheduler required a bean of type 'org.quartz.JobDetail' that could not be found.


Action:

Consider defining a bean of type 'org.quartz.JobDetail' in your configuration.

2019-11-18 15:04:18.017 [ERROR] org.quartz.core.JobRunShell.run - Job JobGroup.recurring_transfer_job threw an unhandled Exception: 
java.lang.NullPointerException: null
	at com.hendisantika.onlinebanking.job.RecurringTransferMoneyJob.execute(RecurringTransferMoneyJob.java:41) ~[classes/:?]
	at org.quartz.core.JobRunShell.run(JobRunShell.java:202) [quartz-2.3.2.jar:?]
	at org.quartz.simpl.SimpleThreadPool$WorkerThread.run(SimpleThreadPool.java:573) [quartz-2.3.2.jar:?]
2019-11-18 15:04:18.020 [ERROR] org.quartz.core.ErrorLogger.schedulerError - Job (JobGroup.recurring_transfer_job threw an exception.
org.quartz.SchedulerException: Job threw an unhandled exception.
	at org.quartz.core.JobRunShell.run(JobRunShell.java:213) [quartz-2.3.2.jar:?]
	at org.quartz.simpl.SimpleThreadPool$WorkerThread.run(SimpleThreadPool.java:573) [quartz-2.3.2.jar:?]
Caused by: java.lang.NullPointerException
	at com.hendisantika.onlinebanking.job.RecurringTransferMoneyJob.execute(RecurringTransferMoneyJob.java:41) ~[classes/:?]
	at org.quartz.core.JobRunShell.run(JobRunShell.java:202) ~[quartz-2.3.2.jar:?]
	... 1 more
2019-11-18 15:04:20.009 [ERROR] org.quartz.core.JobRunShell.run - Job JobGroup.recurring_transfer_job threw an unhandled Exception: 
java.lang.NullPointerException: null
	at com.hendisantika.onlinebanking.job.RecurringTransferMoneyJob.execute(RecurringTransferMoneyJob.java:41) ~[classes/:?]
	at org.quartz.core.JobRunShell.run(JobRunShell.java:202) [quartz-2.3.2.jar:?]
	at org.quartz.simpl.SimpleThreadPool$WorkerThread.run(SimpleThreadPool.java:573) [quartz-2.3.2.jar:?]
2019-11-18 15:04:20.010 [ERROR] org.quartz.core.ErrorLogger.schedulerError - Job (JobGroup.recurring_transfer_job threw an exception.
org.quartz.SchedulerException: Job threw an unhandled exception.
	at org.quartz.core.JobRunShell.run(JobRunShell.java:213) [quartz-2.3.2.jar:?]
	at org.quartz.simpl.SimpleThreadPool$WorkerThread.run(SimpleThreadPool.java:573) [quartz-2.3.2.jar:?]
Caused by: java.lang.NullPointerException
	at com.hendisantika.onlinebanking.job.RecurringTransferMoneyJob.execute(RecurringTransferMoneyJob.java:41) ~[classes/:?]
	at org.quartz.core.JobRunShell.run(JobRunShell.java:202) ~[quartz-2.3.2.jar:?]
	... 1 more
2019-11-18 15:04:22.004 [ERROR] org.quartz.core.JobRunShell.run - Job JobGroup.recurring_transfer_job threw an unhandled Exception: 
java.lang.NullPointerException: null
	at com.hendisantika.onlinebanking.job.RecurringTransferMoneyJob.execute(RecurringTransferMoneyJob.java:41) ~[classes/:?]
	at org.quartz.core.JobRunShell.run(JobRunShell.java:202) [quartz-2.3.2.jar:?]
	at org.quartz.simpl.SimpleThreadPool$WorkerThread.run(SimpleThreadPool.java:573) [quartz-2.3.2.jar:?]
2019-11-18 15:04:22.004 [ERROR] org.quartz.core.ErrorLogger.schedulerError - Job (JobGroup.recurring_transfer_job threw an exception.
org.quartz.SchedulerException: Job threw an unhandled exception.
	at org.quartz.core.JobRunShell.run(JobRunShell.java:213) [quartz-2.3.2.jar:?]
	at org.quartz.simpl.SimpleThreadPool$WorkerThread.run(SimpleThreadPool.java:573) [quartz-2.3.2.jar:?]
Caused by: java.lang.NullPointerException
	at com.hendisantika.onlinebanking.job.RecurringTransferMoneyJob.execute(RecurringTransferMoneyJob.java:41) ~[classes/:?]
	at org.quartz.core.JobRunShell.run(JobRunShell.java:202) ~[quartz-2.3.2.jar:?]
	... 1 more
2019-11-18 15:04:24.006 [ERROR] org.quartz.core.JobRunShell.run - Job JobGroup.recurring_transfer_job threw an unhandled Exception: 
java.lang.NullPointerException: null
	at com.hendisantika.onlinebanking.job.RecurringTransferMoneyJob.execute(RecurringTransferMoneyJob.java:41) ~[classes/:?]
	at org.quartz.core.JobRunShell.run(JobRunShell.java:202) [quartz-2.3.2.jar:?]
	at org.quartz.simpl.SimpleThreadPool$WorkerThread.run(SimpleThreadPool.java:573) [quartz-2.3.2.jar:?]
2019-11-18 15:04:24.006 [ERROR] org.quartz.core.ErrorLogger.schedulerError - Job (JobGroup.recurring_transfer_job threw an exception.
org.quartz.SchedulerException: Job threw an unhandled exception.
	at org.quartz.core.JobRunShell.run(JobRunShell.java:213) [quartz-2.3.2.jar:?]
	at org.quartz.simpl.SimpleThreadPool$WorkerThread.run(SimpleThreadPool.java:573) [quartz-2.3.2.jar:?]
Caused by: java.lang.NullPointerException
	at com.hendisantika.onlinebanking.job.RecurringTransferMoneyJob.execute(RecurringTransferMoneyJob.java:41) ~[classes/:?]
	at org.quartz.core.JobRunShell.run(JobRunShell.java:202) ~[quartz-2.3.2.jar:?]
	... 1 more
2019-11-18 15:04:26.005 [ERROR] org.quartz.core.JobRunShell.run - Job JobGroup.recurring_transfer_job threw an unhandled Exception: 
java.lang.NullPointerException: null
	at com.hendisantika.onlinebanking.job.RecurringTransferMoneyJob.execute(RecurringTransferMoneyJob.java:41) ~[classes/:?]
	at org.quartz.core.JobRunShell.run(JobRunShell.java:202) [quartz-2.3.2.jar:?]
	at org.quartz.simpl.SimpleThreadPool$WorkerThread.run(SimpleThreadPool.java:573) [quartz-2.3.2.jar:?]
2019-11-18 15:04:26.005 [ERROR] org.quartz.core.ErrorLogger.schedulerError - Job (JobGroup.recurring_transfer_job threw an exception.
org.quartz.SchedulerException: Job threw an unhandled exception.
	at org.quartz.core.JobRunShell.run(JobRunShell.java:213) [quartz-2.3.2.jar:?]
	at org.quartz.simpl.SimpleThreadPool$WorkerThread.run(SimpleThreadPool.java:573) [quartz-2.3.2.jar:?]
Caused by: java.lang.NullPointerException
	at com.hendisantika.onlinebanking.job.RecurringTransferMoneyJob.execute(RecurringTransferMoneyJob.java:41) ~[classes/:?]
	at org.quartz.core.JobRunShell.run(JobRunShell.java:202) ~[quartz-2.3.2.jar:?]
	... 1 more
2019-11-18 16:16:23.055 [ERROR] com.hendisantika.onlinebanking.service.SchedulerService.createScheduleJob - 创建定时任务出错：org.quartz.ObjectAlreadyExistsException: Unable to store Job : 'DEFAULT.com.hendisantika.onlinebanking.job.RecurringTransferMoneyJob', because one already exists with this identification.
2019-11-18 16:50:55.397 [ERROR] org.springframework.boot.diagnostics.LoggingFailureAnalysisReporter.report - 

***************************
APPLICATION FAILED TO START
***************************

Description:

Field scheduler in com.hendisantika.onlinebanking.controller.TransferController required a bean of type 'org.quartz.Scheduler' that could not be found.


Action:

Consider defining a bean of type 'org.quartz.Scheduler' in your configuration.

2019-11-18 16:51:44.017 [ERROR] org.springframework.boot.diagnostics.LoggingFailureAnalysisReporter.report - 

***************************
APPLICATION FAILED TO START
***************************

Description:

Field scheduler in com.hendisantika.onlinebanking.controller.TransferController required a bean of type 'org.quartz.Scheduler' that could not be found.


Action:

Consider defining a bean of type 'org.quartz.Scheduler' in your configuration.

2019-11-18 16:55:01.430 [ERROR] org.springframework.boot.diagnostics.LoggingFailureAnalysisReporter.report - 

***************************
APPLICATION FAILED TO START
***************************

Description:

Field scheduler in com.hendisantika.onlinebanking.service.SchedulerService required a bean of type 'org.quartz.Scheduler' that could not be found.


Action:

Consider defining a bean of type 'org.quartz.Scheduler' in your configuration.

