2019-11-17 20:29:06.082 [INFO ] org.springframework.boot.StartupInfoLogger.logStarting - Starting OnlineBankingApplication on andrews-MacBook-Pro.local with PID 48019 (/Users/andrew/Desktop/personal/out_sourcing/team-project-newteam/bank_system/target/classes started by andrew in /Users/andrew/Desktop/personal/out_sourcing/team-project-newteam/bank_system)
2019-11-17 20:29:06.084 [INFO ] org.springframework.boot.SpringApplication.logStartupProfileInfo - No active profile set, falling back to default profiles: default
2019-11-17 20:29:06.257 [INFO ] org.hibernate.validator.internal.util.Version.<clinit> - HV000001: Hibernate Validator 5.3.6.Final
2019-11-17 20:29:06.472 [INFO ] org.springframework.context.support.AbstractApplicationContext.prepareRefresh - Refreshing org.springframework.boot.context.embedded.AnnotationConfigEmbeddedWebApplicationContext@5c671d7f: startup date [Sun Nov 17 20:29:06 CST 2019]; root of context hierarchy
2019-11-17 20:29:07.578 [INFO ] org.springframework.context.support.PostProcessorRegistrationDelegate$BeanPostProcessorChecker.postProcessAfterInitialization - Bean 'org.springframework.transaction.annotation.ProxyTransactionManagementConfiguration' of type [org.springframework.transaction.annotation.ProxyTransactionManagementConfiguration$$EnhancerBySpringCGLIB$$d5212977] is not eligible for getting processed by all BeanPostProcessors (for example: not eligible for auto-proxying)
2019-11-17 20:29:07.627 [INFO ] org.springframework.context.support.PostProcessorRegistrationDelegate$BeanPostProcessorChecker.postProcessAfterInitialization - Bean 'org.springframework.security.config.annotation.configuration.ObjectPostProcessorConfiguration' of type [org.springframework.security.config.annotation.configuration.ObjectPostProcessorConfiguration$$EnhancerBySpringCGLIB$$6dcef1b1] is not eligible for getting processed by all BeanPostProcessors (for example: not eligible for auto-proxying)
2019-11-17 20:29:07.635 [INFO ] org.springframework.context.support.PostProcessorRegistrationDelegate$BeanPostProcessorChecker.postProcessAfterInitialization - Bean 'objectPostProcessor' of type [org.springframework.security.config.annotation.configuration.AutowireBeanFactoryObjectPostProcessor] is not eligible for getting processed by all BeanPostProcessors (for example: not eligible for auto-proxying)
2019-11-17 20:29:07.637 [INFO ] org.springframework.context.support.PostProcessorRegistrationDelegate$BeanPostProcessorChecker.postProcessAfterInitialization - Bean 'org.springframework.security.access.expression.method.DefaultMethodSecurityExpressionHandler@4784013e' of type [org.springframework.security.access.expression.method.DefaultMethodSecurityExpressionHandler] is not eligible for getting processed by all BeanPostProcessors (for example: not eligible for auto-proxying)
2019-11-17 20:29:07.646 [INFO ] org.springframework.context.support.PostProcessorRegistrationDelegate$BeanPostProcessorChecker.postProcessAfterInitialization - Bean 'org.springframework.security.config.annotation.method.configuration.GlobalMethodSecurityConfiguration' of type [org.springframework.security.config.annotation.method.configuration.GlobalMethodSecurityConfiguration$$EnhancerBySpringCGLIB$$92a39463] is not eligible for getting processed by all BeanPostProcessors (for example: not eligible for auto-proxying)
2019-11-17 20:29:07.656 [INFO ] org.springframework.context.support.PostProcessorRegistrationDelegate$BeanPostProcessorChecker.postProcessAfterInitialization - Bean 'methodSecurityMetadataSource' of type [org.springframework.security.access.method.DelegatingMethodSecurityMetadataSource] is not eligible for getting processed by all BeanPostProcessors (for example: not eligible for auto-proxying)
2019-11-17 20:29:08.043 [INFO ] org.springframework.boot.context.embedded.tomcat.TomcatEmbeddedServletContainer.initialize - Tomcat initialized with port(s): 8080 (http)
2019-11-17 20:29:08.058 [INFO ] org.apache.juli.logging.DirectJDKLog.log - Initializing ProtocolHandler ["http-nio-8080"]
2019-11-17 20:29:08.086 [INFO ] org.apache.juli.logging.DirectJDKLog.log - Starting service [Tomcat]
2019-11-17 20:29:08.087 [INFO ] org.apache.juli.logging.DirectJDKLog.log - Starting Servlet Engine: Apache Tomcat/8.5.43
2019-11-17 20:29:08.189 [INFO ] org.apache.juli.logging.DirectJDKLog.log - Initializing Spring embedded WebApplicationContext
2019-11-17 20:29:08.189 [INFO ] org.springframework.boot.context.embedded.EmbeddedWebApplicationContext.prepareEmbeddedWebApplicationContext - Root WebApplicationContext: initialization completed in 1717 ms
2019-11-17 20:29:08.508 [INFO ] org.springframework.boot.web.servlet.AbstractFilterRegistrationBean.configure - Mapping filter: 'requestFilter' to: [/*]
2019-11-17 20:29:08.509 [INFO ] org.springframework.boot.web.servlet.AbstractFilterRegistrationBean.configure - Mapping filter: 'characterEncodingFilter' to: [/*]
2019-11-17 20:29:08.510 [INFO ] org.springframework.boot.web.servlet.AbstractFilterRegistrationBean.configure - Mapping filter: 'hiddenHttpMethodFilter' to: [/*]
2019-11-17 20:29:08.510 [INFO ] org.springframework.boot.web.servlet.AbstractFilterRegistrationBean.configure - Mapping filter: 'httpPutFormContentFilter' to: [/*]
2019-11-17 20:29:08.510 [INFO ] org.springframework.boot.web.servlet.AbstractFilterRegistrationBean.configure - Mapping filter: 'requestContextFilter' to: [/*]
2019-11-17 20:29:08.512 [INFO ] org.springframework.boot.web.servlet.AbstractFilterRegistrationBean.configure - Mapping filter: 'springSecurityFilterChain' to: [/*]
2019-11-17 20:29:08.513 [INFO ] org.springframework.boot.web.servlet.ServletRegistrationBean.onStartup - Mapping servlet: 'dispatcherServlet' to [/]
2019-11-17 20:29:08.866 [INFO ] org.flywaydb.core.internal.util.logging.slf4j.Slf4jLog.info - Flyway 3.2.1 by Boxfuse
2019-11-17 20:29:09.435 [INFO ] org.apache.juli.logging.DirectJDKLog.log - Stopping service [Tomcat]
